#
# There is insufficient memory for the Java Runtime Environment to continue.
# Native memory allocation (malloc) failed to allocate 1048576 bytes. Error detail: AllocateHeap
# Possible reasons:
#   The system is out of physical RAM or swap space
#   This process is running with CompressedOops enabled, and the Java Heap may be blocking the growth of the native heap
# Possible solutions:
#   Reduce memory load on the system
#   Increase physical memory or swap space
#   Check if swap backing store is full
#   Decrease Java heap size (-Xmx/-Xms)
#   Decrease number of Java threads
#   Decrease Java thread stack sizes (-Xss)
#   Set larger code cache with -XX:ReservedCodeCacheSize=
#   JVM is running with Unscaled Compressed Oops mode in which the Java heap is
#     placed in the first 4GB address space. The Java Heap base address is the
#     maximum limit for the native heap growth. Please use -XX:HeapBaseMinAddress
#     to set the Java Heap base and to place the Java Heap above 4GB virtual address.
# This output file may be truncated or incomplete.
#
#  Out of Memory Error (allocation.cpp:44), pid=2204, tid=8248
#
# JRE version: OpenJDK Runtime Environment Temurin-21.0.9+10 (21.0.9+10) (build 21.0.9+10-LTS)
# Java VM: OpenJDK 64-Bit Server VM Temurin-21.0.9+10 (21.0.9+10-LTS, mixed mode, sharing, tiered, compressed oops, compressed class ptrs, parallel gc, windows-amd64)
# No core dump will be written. Minidumps are not enabled by default on client versions of Windows
#

---------------  S U M M A R Y ------------

Command Line: --add-modules=ALL-SYSTEM --add-opens=java.base/java.util=ALL-UNNAMED --add-opens=java.base/java.lang=ALL-UNNAMED --add-opens=java.base/sun.nio.fs=ALL-UNNAMED -Declipse.application=org.eclipse.jdt.ls.core.id1 -Dosgi.bundles.defaultStartLevel=4 -Declipse.product=org.eclipse.jdt.ls.core.product -Djava.import.generatesMetadataFilesAtProjectRoot=false -DDetectVMInstallationsJob.disabled=true -Dfile.encoding=utf8 -XX:+UseParallelGC -XX:GCTimeRatio=4 -XX:AdaptiveSizePolicyWeight=90 -Dsun.zip.disableMemoryMapping=true -Xmx2G -Xms100m -Xlog:disable -javaagent:c:\Users\gabod\.trae\extensions\redhat.java-1.50.0-win32-x64\lombok\lombok-1.18.39-4050.jar -XX:+HeapDumpOnOutOfMemoryError -XX:HeapDumpPath=c:\Users\gabod\AppData\Roaming\Trae\User\workspaceStorage\175c3ae4dd1f0adf56658d41bcf94ea8\redhat.java -Daether.dependencyCollector.impl=bf c:\Users\gabod\.trae\extensions\redhat.java-1.50.0-win32-x64\server\plugins\org.eclipse.equinox.launcher_1.7.100.v20251111-0406.jar -configuration c:\Users\gabod\AppData\Roaming\Trae\User\globalStorage\redhat.java\1.50.0\config_win -data c:\Users\gabod\AppData\Roaming\Trae\User\workspaceStorage\175c3ae4dd1f0adf56658d41bcf94ea8\redhat.java\jdt_ws --pipe=\\.\pipe\lsp-fde5808903832a807200e4ec2244e4d1-sock

Host: 11th Gen Intel(R) Core(TM) i5-1135G7 @ 2.40GHz, 8 cores, 7G,  Windows 11 , 64 bit Build 26100 (10.0.26100.7309)
Time: Wed Dec  3 17:09:04 2025 Hora verano Sudamérica Pacífico elapsed time: 335.285720 seconds (0d 0h 5m 35s)

---------------  T H R E A D  ---------------

Current thread (0x00000229b018e010):  JavaThread "Attach Listener" daemon [_thread_in_vm, id=8248, stack(0x000000ead4600000,0x000000ead4700000) (1024K)]

Stack: [0x000000ead4600000,0x000000ead4700000]
Native frames: (J=compiled Java code, j=interpreted, Vv=VM code, C=native code)
V  [jvm.dll+0x6d6e29]
V  [jvm.dll+0x8b4b76]
V  [jvm.dll+0x8b712e]
V  [jvm.dll+0x8b7813]
V  [jvm.dll+0x283d86]
V  [jvm.dll+0xc1277]
V  [jvm.dll+0x6d76d9]
V  [jvm.dll+0x133466]
V  [jvm.dll+0x3f7ea6]
V  [jvm.dll+0x85e9ad]
V  [jvm.dll+0x6d565d]
C  [ucrtbase.dll+0x37b0]
C  [KERNEL32.DLL+0x2e8d7]
C  [ntdll.dll+0x8c53c]


---------------  P R O C E S S  ---------------

Threads class SMR info:
_java_thread_list=0x0000022a0efb4fd0, length=44, elements={
0x00000229b00d0190, 0x00000229b018bb20, 0x00000229b018c770, 0x00000229b018d3c0,
0x00000229b018e010, 0x00000229c6b53190, 0x00000229c6b54ff0, 0x00000229c6b55e20,
0x0000022a09475b10, 0x0000022a09610c00, 0x0000022a09829710, 0x0000022a0e902b00,
0x0000022a0e5c54f0, 0x0000022a0e636a70, 0x0000022a0e5e6c70, 0x0000022a0e326cf0,
0x0000022a0e2a7660, 0x0000022a0e8670a0, 0x0000022a097c41c0, 0x0000022a0ee17ec0,
0x0000022a0ee18be0, 0x0000022a0ee16b10, 0x0000022a0ee171a0, 0x0000022a0ee17830,
0x0000022a0ee18550, 0x0000022a0fbf8cd0, 0x0000022a0fbf5ee0, 0x0000022a0fbf5850,
0x0000022a0fbf9360, 0x0000022a0fbf99f0, 0x0000022a0fbf6570, 0x0000022a0fbfa080,
0x0000022a0fbfa710, 0x0000022a0fbf7290, 0x0000022a0fbf7920, 0x0000022a0fbfb430,
0x0000022a0fbf8640, 0x0000022a0fbfc150, 0x0000022a10d328f0, 0x0000022a10d31bd0,
0x0000022a10d2f470, 0x0000022a10d32f80, 0x0000022a10d2fb00, 0x0000022a10d33610
}

Java Threads: ( => current thread )
  0x00000229b00d0190 JavaThread "main"                              [_thread_blocked, id=22384, stack(0x000000ead3f00000,0x000000ead4000000) (1024K)]
  0x00000229b018bb20 JavaThread "Reference Handler"          daemon [_thread_blocked, id=11388, stack(0x000000ead4300000,0x000000ead4400000) (1024K)]
  0x00000229b018c770 JavaThread "Finalizer"                  daemon [_thread_blocked, id=19520, stack(0x000000ead4400000,0x000000ead4500000) (1024K)]
  0x00000229b018d3c0 JavaThread "Signal Dispatcher"          daemon [_thread_blocked, id=18456, stack(0x000000ead4500000,0x000000ead4600000) (1024K)]
=>0x00000229b018e010 JavaThread "Attach Listener"            daemon [_thread_in_vm, id=8248, stack(0x000000ead4600000,0x000000ead4700000) (1024K)]
  0x00000229c6b53190 JavaThread "Service Thread"             daemon [_thread_blocked, id=5344, stack(0x000000ead4700000,0x000000ead4800000) (1024K)]
  0x00000229c6b54ff0 JavaThread "Monitor Deflation Thread"   daemon [_thread_blocked, id=18372, stack(0x000000ead4800000,0x000000ead4900000) (1024K)]
  0x00000229c6b55e20 JavaThread "C2 CompilerThread0"         daemon [_thread_blocked, id=10104, stack(0x000000ead4900000,0x000000ead4a00000) (1024K)]
  0x0000022a09475b10 JavaThread "C1 CompilerThread0"         daemon [_thread_blocked, id=8368, stack(0x000000ead4a00000,0x000000ead4b00000) (1024K)]
  0x0000022a09610c00 JavaThread "Common-Cleaner"             daemon [_thread_blocked, id=18608, stack(0x000000ead4b00000,0x000000ead4c00000) (1024K)]
  0x0000022a09829710 JavaThread "Notification Thread"        daemon [_thread_blocked, id=22736, stack(0x000000ead4c00000,0x000000ead4d00000) (1024K)]
  0x0000022a0e902b00 JavaThread "Active Thread: Equinox Container: a2de9a43-f84f-4373-8b42-5306e578d9fb"        [_thread_blocked, id=13448, stack(0x000000ead4d00000,0x000000ead4e00000) (1024K)]
  0x0000022a0e5c54f0 JavaThread "Refresh Thread: Equinox Container: a2de9a43-f84f-4373-8b42-5306e578d9fb" daemon [_thread_blocked, id=25188, stack(0x000000ead5400000,0x000000ead5500000) (1024K)]
  0x0000022a0e636a70 JavaThread "Framework Event Dispatcher: Equinox Container: a2de9a43-f84f-4373-8b42-5306e578d9fb" daemon [_thread_blocked, id=12860, stack(0x000000ead5600000,0x000000ead5700000) (1024K)]
  0x0000022a0e5e6c70 JavaThread "Start Level: Equinox Container: a2de9a43-f84f-4373-8b42-5306e578d9fb" daemon [_thread_blocked, id=23052, stack(0x000000ead5700000,0x000000ead5800000) (1024K)]
  0x0000022a0e326cf0 JavaThread "Bundle File Closer"         daemon [_thread_blocked, id=19548, stack(0x000000ead5900000,0x000000ead5a00000) (1024K)]
  0x0000022a0e2a7660 JavaThread "SCR Component Actor"        daemon [_thread_blocked, id=17532, stack(0x000000ead5800000,0x000000ead5900000) (1024K)]
  0x0000022a0e8670a0 JavaThread "Worker-JM"                         [_thread_blocked, id=16052, stack(0x000000ead5b00000,0x000000ead5c00000) (1024K)]
  0x0000022a097c41c0 JavaThread "JNA Cleaner"                daemon [_thread_blocked, id=16500, stack(0x000000ead5a00000,0x000000ead5b00000) (1024K)]
  0x0000022a0ee17ec0 JavaThread "Worker-1"                          [_thread_blocked, id=18824, stack(0x000000ead5d00000,0x000000ead5e00000) (1024K)]
  0x0000022a0ee18be0 JavaThread "Java indexing"              daemon [_thread_blocked, id=13128, stack(0x000000ead5e00000,0x000000ead5f00000) (1024K)]
  0x0000022a0ee16b10 JavaThread "Worker-4"                          [_thread_blocked, id=17648, stack(0x000000ead6300000,0x000000ead6400000) (1024K)]
  0x0000022a0ee171a0 JavaThread "Thread-1"                   daemon [_thread_in_native, id=17888, stack(0x000000ead6500000,0x000000ead6600000) (1024K)]
  0x0000022a0ee17830 JavaThread "Thread-2"                   daemon [_thread_in_native, id=2644, stack(0x000000ead6600000,0x000000ead6700000) (1024K)]
  0x0000022a0ee18550 JavaThread "Thread-3"                   daemon [_thread_in_native, id=4872, stack(0x000000ead6700000,0x000000ead6800000) (1024K)]
  0x0000022a0fbf8cd0 JavaThread "Thread-4"                   daemon [_thread_in_native, id=11084, stack(0x000000ead6800000,0x000000ead6900000) (1024K)]
  0x0000022a0fbf5ee0 JavaThread "Thread-5"                   daemon [_thread_in_native, id=14940, stack(0x000000ead6900000,0x000000ead6a00000) (1024K)]
  0x0000022a0fbf5850 JavaThread "Thread-6"                   daemon [_thread_in_native, id=12356, stack(0x000000ead6a00000,0x000000ead6b00000) (1024K)]
  0x0000022a0fbf9360 JavaThread "Thread-7"                   daemon [_thread_in_native, id=24464, stack(0x000000ead6b00000,0x000000ead6c00000) (1024K)]
  0x0000022a0fbf99f0 JavaThread "Thread-8"                   daemon [_thread_in_native, id=19412, stack(0x000000ead6c00000,0x000000ead6d00000) (1024K)]
  0x0000022a0fbf6570 JavaThread "Thread-9"                   daemon [_thread_in_native, id=1844, stack(0x000000ead6d00000,0x000000ead6e00000) (1024K)]
  0x0000022a0fbfa080 JavaThread "pool-2-thread-1"                   [_thread_blocked, id=22860, stack(0x000000ead6f00000,0x000000ead7000000) (1024K)]
  0x0000022a0fbfa710 JavaThread "WorkspaceEventsHandler"            [_thread_blocked, id=2112, stack(0x000000ead7000000,0x000000ead7100000) (1024K)]
  0x0000022a0fbf7290 JavaThread "pool-1-thread-1"                   [_thread_blocked, id=11392, stack(0x000000ead7100000,0x000000ead7200000) (1024K)]
  0x0000022a0fbf7920 JavaThread "ForkJoinPool.commonPool-worker-1" daemon [_thread_blocked, id=23324, stack(0x000000ead6e00000,0x000000ead6f00000) (1024K)]
  0x0000022a0fbfb430 JavaThread "ForkJoinPool.commonPool-worker-3" daemon [_thread_blocked, id=644, stack(0x000000ead7500000,0x000000ead7600000) (1024K)]
  0x0000022a0fbf8640 JavaThread "ForkJoinPool.commonPool-worker-6" daemon [_thread_blocked, id=22128, stack(0x000000ead7800000,0x000000ead7900000) (1024K)]
  0x0000022a0fbfc150 JavaThread "ForkJoinPool.commonPool-worker-7" daemon [_thread_blocked, id=25396, stack(0x000000ead7900000,0x000000ead7a00000) (1024K)]
  0x0000022a10d328f0 JavaThread "Java Debug Server"          daemon [_thread_in_native, id=20612, stack(0x000000ead3d00000,0x000000ead3e00000) (1024K)]
  0x0000022a10d31bd0 JavaThread "pool-4-thread-1"                   [_thread_in_native, id=20272, stack(0x000000ead3e00000,0x000000ead3f00000) (1024K)]
  0x0000022a10d2f470 JavaThread "RxSchedulerPurge-1"         daemon [_thread_blocked, id=17052, stack(0x000000ead5c00000,0x000000ead5d00000) (1024K)]
  0x0000022a10d32f80 JavaThread "RxCachedWorkerPoolEvictor-1" daemon [_thread_blocked, id=22640, stack(0x000000ead5f00000,0x000000ead6000000) (1024K)]
  0x0000022a10d2fb00 JavaThread "RxNewThreadScheduler-1"     daemon [_thread_blocked, id=2684, stack(0x000000ead6000000,0x000000ead6100000) (1024K)]
  0x0000022a10d33610 JavaThread "process reaper (pid 6172)"  daemon [_thread_in_native, id=6236, stack(0x000000ead6100000,0x000000ead6120000) (128K)]
Total: 44

Other Threads:
  0x00000229c6b434b0 VMThread "VM Thread"                           [id=9160, stack(0x000000ead4200000,0x000000ead4300000) (1024K)]
  0x00000229b013b1a0 WatcherThread "VM Periodic Task Thread"        [id=24260, stack(0x000000ead4100000,0x000000ead4200000) (1024K)]
  0x00000229b00ee8a0 WorkerThread "GC Thread#0"                     [id=18404, stack(0x000000ead4000000,0x000000ead4100000) (1024K)]
  0x0000022a0e6e4970 WorkerThread "GC Thread#1"                     [id=9388, stack(0x000000ead4e00000,0x000000ead4f00000) (1024K)]
  0x0000022a0e4a6de0 WorkerThread "GC Thread#2"                     [id=9992, stack(0x000000ead4f00000,0x000000ead5000000) (1024K)]
  0x0000022a0e4a7180 WorkerThread "GC Thread#3"                     [id=16244, stack(0x000000ead5000000,0x000000ead5100000) (1024K)]
  0x0000022a0e4a7520 WorkerThread "GC Thread#4"                     [id=19496, stack(0x000000ead5100000,0x000000ead5200000) (1024K)]
  0x0000022a0e4b5ee0 WorkerThread "GC Thread#5"                     [id=25532, stack(0x000000ead5200000,0x000000ead5300000) (1024K)]
  0x0000022a0e4b6280 WorkerThread "GC Thread#6"                     [id=11820, stack(0x000000ead5300000,0x000000ead5400000) (1024K)]
  0x0000022a0e8d73d0 WorkerThread "GC Thread#7"                     [id=16668, stack(0x000000ead5500000,0x000000ead5600000) (1024K)]
Total: 10

Threads with active compile tasks:
Total: 0

VM state: not at safepoint (normal execution)

VM Mutex/Monitor currently owned by a thread: None

Heap address: 0x0000000080000000, size: 2048 MB, Compressed Oops mode: 32-bit

CDS archive(s) mapped at: [0x00000229c7000000-0x00000229c7ba0000-0x00000229c7ba0000), size 12189696, SharedBaseAddress: 0x00000229c7000000, ArchiveRelocationMode: 1.
Compressed class space mapped at: 0x00000229c8000000-0x0000022a08000000, reserved size: 1073741824
Narrow klass base: 0x00000229c7000000, Narrow klass shift: 0, Narrow klass range: 0x100000000

GC Precious Log:
 CardTable entry size: 512
 CPUs: 8 total, 8 available
 Memory: 7859M
 Large Page Support: Disabled
 NUMA Support: Disabled
 Compressed Oops: Enabled (32-bit)
 Alignments: Space 512K, Generation 512K, Heap 2M
 Heap Min Capacity: 100M
 Heap Initial Capacity: 100M
 Heap Max Capacity: 2G
 Pre-touch: Disabled
 Parallel Workers: 8

Heap:
 PSYoungGen      total 1536K, used 1139K [0x00000000d5580000, 0x00000000d5880000, 0x0000000100000000)
  eden space 1024K, 92% used [0x00000000d5580000,0x00000000d566cf10,0x00000000d5680000)
  from space 512K, 37% used [0x00000000d5800000,0x00000000d5830000,0x00000000d5880000)
  to   space 512K, 0% used [0x00000000d5780000,0x00000000d5780000,0x00000000d5800000)
 ParOldGen       total 209408K, used 209072K [0x0000000080000000, 0x000000008cc80000, 0x00000000d5580000)
  object space 209408K, 99% used [0x0000000080000000,0x000000008cc2c130,0x000000008cc80000)
 Metaspace       used 72261K, committed 73792K, reserved 1179648K
  class space    used 7851K, committed 8448K, reserved 1048576K

Card table byte_map: [0x00000229afa70000,0x00000229afe80000] _byte_map_base: 0x00000229af670000

Marking Bits: (ParMarkBitMap*) 0x00007fff76422460
 Begin Bits: [0x00000229c2580000, 0x00000229c4580000)
 End Bits:   [0x00000229c4580000, 0x00000229c6580000)

Polling page: 0x00000229adf20000

Metaspace:

Usage:
  Non-class:     62.90 MB used.
      Class:      7.67 MB used.
       Both:     70.57 MB used.

Virtual space:
  Non-class space:      128.00 MB reserved,      63.81 MB ( 50%) committed,  2 nodes.
      Class space:        1.00 GB reserved,       8.25 MB ( <1%) committed,  1 nodes.
             Both:        1.12 GB reserved,      72.06 MB (  6%) committed. 

Chunk freelists:
   Non-Class:  16.00 MB
       Class:  7.57 MB
        Both:  23.57 MB

MaxMetaspaceSize: unlimited
CompressedClassSpaceSize: 1.00 GB
Initial GC threshold: 21.00 MB
Current GC threshold: 97.31 MB
CDS: on
 - commit_granule_bytes: 65536.
 - commit_granule_words: 8192.
 - virtual_space_node_default_size: 8388608.
 - enlarge_chunks_in_place: 1.
 - use_allocation_guard: 0.


Internal statistics:

num_allocs_failed_limit: 11.
num_arena_births: 1284.
num_arena_deaths: 14.
num_vsnodes_births: 3.
num_vsnodes_deaths: 0.
num_space_committed: 1153.
num_space_uncommitted: 0.
num_chunks_returned_to_freelist: 25.
num_chunks_taken_from_freelist: 4481.
num_chunk_merges: 17.
num_chunk_splits: 2783.
num_chunks_enlarged: 1586.
num_inconsistent_stats: 0.

CodeHeap 'non-profiled nmethods': size=120000Kb used=8058Kb max_used=8058Kb free=111941Kb
 bounds [0x00000229bada0000, 0x00000229bb580000, 0x00000229c22d0000]
CodeHeap 'profiled nmethods': size=120000Kb used=24765Kb max_used=24765Kb free=95234Kb
 bounds [0x00000229b32d0000, 0x00000229b4b00000, 0x00000229ba800000]
CodeHeap 'non-nmethods': size=5760Kb used=1496Kb max_used=1554Kb free=4263Kb
 bounds [0x00000229ba800000, 0x00000229baa70000, 0x00000229bada0000]
CodeCache: size=245760Kb, used=34319Kb, max_used=34377Kb, free=211438Kb
 total_blobs=11531, nmethods=10724, adapters=712, full_count=0
Compilation: enabled, stopped_count=0, restarted_count=0

Compilation events (20 events):
Event: 271.711 Thread 0x0000022a09475b10 11483   !   3       java.util.concurrent.ScheduledThreadPoolExecutor$DelayedWorkQueue::iterator (45 bytes)
Event: 271.712 Thread 0x0000022a09475b10 nmethod 11483 0x00000229b4af7590 code [0x00000229b4af7800, 0x00000229b4af8450]
Event: 271.712 Thread 0x0000022a09475b10 11484       3       java.util.concurrent.ScheduledThreadPoolExecutor$DelayedWorkQueue$Itr::<init> (20 bytes)
Event: 271.712 Thread 0x0000022a09475b10 nmethod 11484 0x00000229b4af8910 code [0x00000229b4af8ac0, 0x00000229b4af8c60]
Event: 273.717 Thread 0x0000022a09475b10 11485       3       java.util.concurrent.locks.AbstractQueuedSynchronizer$ConditionObject::canReacquire (38 bytes)
Event: 273.718 Thread 0x0000022a09475b10 nmethod 11485 0x00000229b4af8d10 code [0x00000229b4af8ee0, 0x00000229b4af9228]
Event: 283.706 Thread 0x0000022a09475b10 11486       3       java.util.concurrent.ScheduledThreadPoolExecutor$DelayedWorkQueue$Itr::hasNext (18 bytes)
Event: 283.707 Thread 0x0000022a09475b10 nmethod 11486 0x00000229b4af9390 code [0x00000229b4af9540, 0x00000229b4af96b0]
Event: 283.714 Thread 0x0000022a09475b10 11487       3       java.util.concurrent.ScheduledThreadPoolExecutor$ScheduledFutureTask::getDelay (16 bytes)
Event: 283.714 Thread 0x0000022a09475b10 nmethod 11487 0x00000229b4af9790 code [0x00000229b4af9940, 0x00000229b4af9ad8]
Event: 302.705 Thread 0x00000229c6b55e20 11488       4       java.lang.invoke.VarHandleReferences$FieldInstanceReadWrite::compareAndSet (48 bytes)
Event: 302.718 Thread 0x00000229c6b55e20 nmethod 11488 0x00000229bb57e110 code [0x00000229bb57e2c0, 0x00000229bb57e5a8]
Event: 327.507 Thread 0x0000022a09475b10 11489       1       org.eclipse.core.internal.jobs.InternalJob::setPrevious (6 bytes)
Event: 327.513 Thread 0x0000022a09475b10 nmethod 11489 0x00000229bb57e790 code [0x00000229bb57e920, 0x00000229bb57ea00]
Event: 328.174 Thread 0x0000022a09475b10 11490       3       org.eclipse.core.internal.utils.StringPool::add (50 bytes)
Event: 328.185 Thread 0x0000022a09475b10 nmethod 11490 0x00000229b4af9b90 code [0x00000229b4af9d80, 0x00000229b4afa250]
Event: 328.185 Thread 0x0000022a09475b10 11492       3       org.eclipse.core.internal.dtree.AbstractDataTreeNode::storeStrings (42 bytes)
Event: 328.188 Thread 0x0000022a09475b10 nmethod 11492 0x00000229b4afa410 code [0x00000229b4afa5e0, 0x00000229b4afa958]
Event: 328.188 Thread 0x0000022a09475b10 11493   !   3       org.eclipse.core.internal.jobs.JobListeners::waitAndSendEvents (445 bytes)
Event: 328.248 Thread 0x0000022a09475b10 nmethod 11493 0x00000229b4afab10 code [0x00000229b4afb140, 0x00000229b4afdf28]

GC Heap History (20 events):
Event: 245.761 GC heap before
{Heap before GC invocations=426 (full 3):
 PSYoungGen      total 1536K, used 1216K [0x00000000d5580000, 0x00000000d5880000, 0x0000000100000000)
  eden space 1024K, 100% used [0x00000000d5580000,0x00000000d5680000,0x00000000d5680000)
  from space 512K, 37% used [0x00000000d5800000,0x00000000d5830000,0x00000000d5880000)
  to   space 512K, 0% used [0x00000000d5780000,0x00000000d5780000,0x00000000d5800000)
 ParOldGen       total 208896K, used 208528K [0x0000000080000000, 0x000000008cc00000, 0x00000000d5580000)
  object space 208896K, 99% used [0x0000000080000000,0x000000008cba4120,0x000000008cc00000)
 Metaspace       used 71096K, committed 72576K, reserved 1114112K
  class space    used 7684K, committed 8256K, reserved 1048576K
}
Event: 245.762 GC heap after
{Heap after GC invocations=426 (full 3):
 PSYoungGen      total 1536K, used 160K [0x00000000d5580000, 0x00000000d5880000, 0x0000000100000000)
  eden space 1024K, 0% used [0x00000000d5580000,0x00000000d5580000,0x00000000d5680000)
  from space 512K, 31% used [0x00000000d5780000,0x00000000d57a8000,0x00000000d5800000)
  to   space 512K, 0% used [0x00000000d5800000,0x00000000d5800000,0x00000000d5880000)
 ParOldGen       total 208896K, used 208568K [0x0000000080000000, 0x000000008cc00000, 0x00000000d5580000)
  object space 208896K, 99% used [0x0000000080000000,0x000000008cbae120,0x000000008cc00000)
 Metaspace       used 71096K, committed 72576K, reserved 1114112K
  class space    used 7684K, committed 8256K, reserved 1048576K
}
Event: 245.773 GC heap before
{Heap before GC invocations=427 (full 3):
 PSYoungGen      total 1536K, used 1184K [0x00000000d5580000, 0x00000000d5880000, 0x0000000100000000)
  eden space 1024K, 100% used [0x00000000d5580000,0x00000000d5680000,0x00000000d5680000)
  from space 512K, 31% used [0x00000000d5780000,0x00000000d57a8000,0x00000000d5800000)
  to   space 512K, 0% used [0x00000000d5800000,0x00000000d5800000,0x00000000d5880000)
 ParOldGen       total 208896K, used 208568K [0x0000000080000000, 0x000000008cc00000, 0x00000000d5580000)
  object space 208896K, 99% used [0x0000000080000000,0x000000008cbae120,0x000000008cc00000)
 Metaspace       used 71189K, committed 72768K, reserved 1114112K
  class space    used 7703K, committed 8320K, reserved 1048576K
}
Event: 245.774 GC heap after
{Heap after GC invocations=427 (full 3):
 PSYoungGen      total 1536K, used 224K [0x00000000d5580000, 0x00000000d5880000, 0x0000000100000000)
  eden space 1024K, 0% used [0x00000000d5580000,0x00000000d5580000,0x00000000d5680000)
  from space 512K, 43% used [0x00000000d5800000,0x00000000d5838000,0x00000000d5880000)
  to   space 512K, 0% used [0x00000000d5780000,0x00000000d5780000,0x00000000d5800000)
 ParOldGen       total 208896K, used 208584K [0x0000000080000000, 0x000000008cc00000, 0x00000000d5580000)
  object space 208896K, 99% used [0x0000000080000000,0x000000008cbb2120,0x000000008cc00000)
 Metaspace       used 71189K, committed 72768K, reserved 1114112K
  class space    used 7703K, committed 8320K, reserved 1048576K
}
Event: 245.799 GC heap before
{Heap before GC invocations=428 (full 3):
 PSYoungGen      total 1536K, used 1248K [0x00000000d5580000, 0x00000000d5880000, 0x0000000100000000)
  eden space 1024K, 100% used [0x00000000d5580000,0x00000000d5680000,0x00000000d5680000)
  from space 512K, 43% used [0x00000000d5800000,0x00000000d5838000,0x00000000d5880000)
  to   space 512K, 0% used [0x00000000d5780000,0x00000000d5780000,0x00000000d5800000)
 ParOldGen       total 208896K, used 208584K [0x0000000080000000, 0x000000008cc00000, 0x00000000d5580000)
  object space 208896K, 99% used [0x0000000080000000,0x000000008cbb2120,0x000000008cc00000)
 Metaspace       used 71317K, committed 72832K, reserved 1114112K
  class space    used 7722K, committed 8320K, reserved 1048576K
}
Event: 245.800 GC heap after
{Heap after GC invocations=428 (full 3):
 PSYoungGen      total 1536K, used 224K [0x00000000d5580000, 0x00000000d5880000, 0x0000000100000000)
  eden space 1024K, 0% used [0x00000000d5580000,0x00000000d5580000,0x00000000d5680000)
  from space 512K, 43% used [0x00000000d5780000,0x00000000d57b8000,0x00000000d5800000)
  to   space 512K, 0% used [0x00000000d5800000,0x00000000d5800000,0x00000000d5880000)
 ParOldGen       total 208896K, used 208632K [0x0000000080000000, 0x000000008cc00000, 0x00000000d5580000)
  object space 208896K, 99% used [0x0000000080000000,0x000000008cbbe120,0x000000008cc00000)
 Metaspace       used 71317K, committed 72832K, reserved 1114112K
  class space    used 7722K, committed 8320K, reserved 1048576K
}
Event: 245.816 GC heap before
{Heap before GC invocations=429 (full 3):
 PSYoungGen      total 1536K, used 1248K [0x00000000d5580000, 0x00000000d5880000, 0x0000000100000000)
  eden space 1024K, 100% used [0x00000000d5580000,0x00000000d5680000,0x00000000d5680000)
  from space 512K, 43% used [0x00000000d5780000,0x00000000d57b8000,0x00000000d5800000)
  to   space 512K, 0% used [0x00000000d5800000,0x00000000d5800000,0x00000000d5880000)
 ParOldGen       total 208896K, used 208632K [0x0000000080000000, 0x000000008cc00000, 0x00000000d5580000)
  object space 208896K, 99% used [0x0000000080000000,0x000000008cbbe120,0x000000008cc00000)
 Metaspace       used 71433K, committed 72960K, reserved 1114112K
  class space    used 7744K, committed 8320K, reserved 1048576K
}
Event: 245.818 GC heap after
{Heap after GC invocations=429 (full 3):
 PSYoungGen      total 1536K, used 224K [0x00000000d5580000, 0x00000000d5880000, 0x0000000100000000)
  eden space 1024K, 0% used [0x00000000d5580000,0x00000000d5580000,0x00000000d5680000)
  from space 512K, 43% used [0x00000000d5800000,0x00000000d5838000,0x00000000d5880000)
  to   space 512K, 0% used [0x00000000d5780000,0x00000000d5780000,0x00000000d5800000)
 ParOldGen       total 208896K, used 208688K [0x0000000080000000, 0x000000008cc00000, 0x00000000d5580000)
  object space 208896K, 99% used [0x0000000080000000,0x000000008cbcc120,0x000000008cc00000)
 Metaspace       used 71433K, committed 72960K, reserved 1114112K
  class space    used 7744K, committed 8320K, reserved 1048576K
}
Event: 245.827 GC heap before
{Heap before GC invocations=430 (full 3):
 PSYoungGen      total 1536K, used 1231K [0x00000000d5580000, 0x00000000d5880000, 0x0000000100000000)
  eden space 1024K, 98% used [0x00000000d5580000,0x00000000d567be78,0x00000000d5680000)
  from space 512K, 43% used [0x00000000d5800000,0x00000000d5838000,0x00000000d5880000)
  to   space 512K, 0% used [0x00000000d5780000,0x00000000d5780000,0x00000000d5800000)
 ParOldGen       total 208896K, used 208688K [0x0000000080000000, 0x000000008cc00000, 0x00000000d5580000)
  object space 208896K, 99% used [0x0000000080000000,0x000000008cbcc120,0x000000008cc00000)
 Metaspace       used 71495K, committed 73024K, reserved 1114112K
  class space    used 7762K, committed 8384K, reserved 1048576K
}
Event: 245.828 GC heap after
{Heap after GC invocations=430 (full 3):
 PSYoungGen      total 1536K, used 192K [0x00000000d5580000, 0x00000000d5880000, 0x0000000100000000)
  eden space 1024K, 0% used [0x00000000d5580000,0x00000000d5580000,0x00000000d5680000)
  from space 512K, 37% used [0x00000000d5780000,0x00000000d57b0000,0x00000000d5800000)
  to   space 512K, 0% used [0x00000000d5800000,0x00000000d5800000,0x00000000d5880000)
 ParOldGen       total 208896K, used 208744K [0x0000000080000000, 0x000000008cc00000, 0x00000000d5580000)
  object space 208896K, 99% used [0x0000000080000000,0x000000008cbda120,0x000000008cc00000)
 Metaspace       used 71495K, committed 73024K, reserved 1114112K
  class space    used 7762K, committed 8384K, reserved 1048576K
}
Event: 245.845 GC heap before
{Heap before GC invocations=431 (full 3):
 PSYoungGen      total 1536K, used 1201K [0x00000000d5580000, 0x00000000d5880000, 0x0000000100000000)
  eden space 1024K, 98% used [0x00000000d5580000,0x00000000d567c5b0,0x00000000d5680000)
  from space 512K, 37% used [0x00000000d5780000,0x00000000d57b0000,0x00000000d5800000)
  to   space 512K, 0% used [0x00000000d5800000,0x00000000d5800000,0x00000000d5880000)
 ParOldGen       total 208896K, used 208744K [0x0000000080000000, 0x000000008cc00000, 0x00000000d5580000)
  object space 208896K, 99% used [0x0000000080000000,0x000000008cbda120,0x000000008cc00000)
 Metaspace       used 71651K, committed 73216K, reserved 1114112K
  class space    used 7774K, committed 8384K, reserved 1048576K
}
Event: 245.847 GC heap after
{Heap after GC invocations=431 (full 3):
 PSYoungGen      total 1536K, used 256K [0x00000000d5580000, 0x00000000d5880000, 0x0000000100000000)
  eden space 1024K, 0% used [0x00000000d5580000,0x00000000d5580000,0x00000000d5680000)
  from space 512K, 50% used [0x00000000d5800000,0x00000000d5840000,0x00000000d5880000)
  to   space 512K, 0% used [0x00000000d5780000,0x00000000d5780000,0x00000000d5800000)
 ParOldGen       total 208896K, used 208776K [0x0000000080000000, 0x000000008cc00000, 0x00000000d5580000)
  object space 208896K, 99% used [0x0000000080000000,0x000000008cbe2120,0x000000008cc00000)
 Metaspace       used 71651K, committed 73216K, reserved 1114112K
  class space    used 7774K, committed 8384K, reserved 1048576K
}
Event: 245.859 GC heap before
{Heap before GC invocations=432 (full 3):
 PSYoungGen      total 1536K, used 1271K [0x00000000d5580000, 0x00000000d5880000, 0x0000000100000000)
  eden space 1024K, 99% used [0x00000000d5580000,0x00000000d567dfa0,0x00000000d5680000)
  from space 512K, 50% used [0x00000000d5800000,0x00000000d5840000,0x00000000d5880000)
  to   space 512K, 0% used [0x00000000d5780000,0x00000000d5780000,0x00000000d5800000)
 ParOldGen       total 208896K, used 208776K [0x0000000080000000, 0x000000008cc00000, 0x00000000d5580000)
  object space 208896K, 99% used [0x0000000080000000,0x000000008cbe2120,0x000000008cc00000)
 Metaspace       used 71776K, committed 73280K, reserved 1114112K
  class space    used 7786K, committed 8384K, reserved 1048576K
}
Event: 245.861 GC heap after
{Heap after GC invocations=432 (full 3):
 PSYoungGen      total 1536K, used 192K [0x00000000d5580000, 0x00000000d5880000, 0x0000000100000000)
  eden space 1024K, 0% used [0x00000000d5580000,0x00000000d5580000,0x00000000d5680000)
  from space 512K, 37% used [0x00000000d5780000,0x00000000d57b0000,0x00000000d5800000)
  to   space 512K, 0% used [0x00000000d5800000,0x00000000d5800000,0x00000000d5880000)
 ParOldGen       total 208896K, used 208816K [0x0000000080000000, 0x000000008cc00000, 0x00000000d5580000)
  object space 208896K, 99% used [0x0000000080000000,0x000000008cbec120,0x000000008cc00000)
 Metaspace       used 71776K, committed 73280K, reserved 1114112K
  class space    used 7786K, committed 8384K, reserved 1048576K
}
Event: 245.911 GC heap before
{Heap before GC invocations=433 (full 3):
 PSYoungGen      total 1536K, used 1215K [0x00000000d5580000, 0x00000000d5880000, 0x0000000100000000)
  eden space 1024K, 99% used [0x00000000d5580000,0x00000000d567fff8,0x00000000d5680000)
  from space 512K, 37% used [0x00000000d5780000,0x00000000d57b0000,0x00000000d5800000)
  to   space 512K, 0% used [0x00000000d5800000,0x00000000d5800000,0x00000000d5880000)
 ParOldGen       total 208896K, used 208816K [0x0000000080000000, 0x000000008cc00000, 0x00000000d5580000)
  object space 208896K, 99% used [0x0000000080000000,0x000000008cbec120,0x000000008cc00000)
 Metaspace       used 71876K, committed 73408K, reserved 1114112K
  class space    used 7798K, committed 8384K, reserved 1048576K
}
Event: 245.913 GC heap after
{Heap after GC invocations=433 (full 3):
 PSYoungGen      total 1536K, used 256K [0x00000000d5580000, 0x00000000d5880000, 0x0000000100000000)
  eden space 1024K, 0% used [0x00000000d5580000,0x00000000d5580000,0x00000000d5680000)
  from space 512K, 50% used [0x00000000d5800000,0x00000000d5840000,0x00000000d5880000)
  to   space 512K, 0% used [0x00000000d5780000,0x00000000d5780000,0x00000000d5800000)
 ParOldGen       total 208896K, used 208848K [0x0000000080000000, 0x000000008cc00000, 0x00000000d5580000)
  object space 208896K, 99% used [0x0000000080000000,0x000000008cbf4120,0x000000008cc00000)
 Metaspace       used 71876K, committed 73408K, reserved 1114112K
  class space    used 7798K, committed 8384K, reserved 1048576K
}
Event: 247.155 GC heap before
{Heap before GC invocations=434 (full 3):
 PSYoungGen      total 1536K, used 1280K [0x00000000d5580000, 0x00000000d5880000, 0x0000000100000000)
  eden space 1024K, 100% used [0x00000000d5580000,0x00000000d5680000,0x00000000d5680000)
  from space 512K, 50% used [0x00000000d5800000,0x00000000d5840000,0x00000000d5880000)
  to   space 512K, 0% used [0x00000000d5780000,0x00000000d5780000,0x00000000d5800000)
 ParOldGen       total 208896K, used 208848K [0x0000000080000000, 0x000000008cc00000, 0x00000000d5580000)
  object space 208896K, 99% used [0x0000000080000000,0x000000008cbf4120,0x000000008cc00000)
 Metaspace       used 72033K, committed 73600K, reserved 1114112K
  class space    used 7825K, committed 8448K, reserved 1048576K
}
Event: 247.157 GC heap after
{Heap after GC invocations=434 (full 3):
 PSYoungGen      total 1536K, used 224K [0x00000000d5580000, 0x00000000d5880000, 0x0000000100000000)
  eden space 1024K, 0% used [0x00000000d5580000,0x00000000d5580000,0x00000000d5680000)
  from space 512K, 43% used [0x00000000d5780000,0x00000000d57b8000,0x00000000d5800000)
  to   space 512K, 0% used [0x00000000d5800000,0x00000000d5800000,0x00000000d5880000)
 ParOldGen       total 209408K, used 208976K [0x0000000080000000, 0x000000008cc80000, 0x00000000d5580000)
  object space 209408K, 99% used [0x0000000080000000,0x000000008cc14130,0x000000008cc80000)
 Metaspace       used 72033K, committed 73600K, reserved 1114112K
  class space    used 7825K, committed 8448K, reserved 1048576K
}
Event: 248.545 GC heap before
{Heap before GC invocations=435 (full 3):
 PSYoungGen      total 1536K, used 1248K [0x00000000d5580000, 0x00000000d5880000, 0x0000000100000000)
  eden space 1024K, 100% used [0x00000000d5580000,0x00000000d5680000,0x00000000d5680000)
  from space 512K, 43% used [0x00000000d5780000,0x00000000d57b8000,0x00000000d5800000)
  to   space 512K, 0% used [0x00000000d5800000,0x00000000d5800000,0x00000000d5880000)
 ParOldGen       total 209408K, used 208976K [0x0000000080000000, 0x000000008cc80000, 0x00000000d5580000)
  object space 209408K, 99% used [0x0000000080000000,0x000000008cc14130,0x000000008cc80000)
 Metaspace       used 72201K, committed 73728K, reserved 1114112K
  class space    used 7839K, committed 8448K, reserved 1048576K
}
Event: 248.548 GC heap after
{Heap after GC invocations=435 (full 3):
 PSYoungGen      total 1536K, used 192K [0x00000000d5580000, 0x00000000d5880000, 0x0000000100000000)
  eden space 1024K, 0% used [0x00000000d5580000,0x00000000d5580000,0x00000000d5680000)
  from space 512K, 37% used [0x00000000d5800000,0x00000000d5830000,0x00000000d5880000)
  to   space 512K, 0% used [0x00000000d5780000,0x00000000d5780000,0x00000000d5800000)
 ParOldGen       total 209408K, used 209072K [0x0000000080000000, 0x000000008cc80000, 0x00000000d5580000)
  object space 209408K, 99% used [0x0000000080000000,0x000000008cc2c130,0x000000008cc80000)
 Metaspace       used 72201K, committed 73728K, reserved 1114112K
  class space    used 7839K, committed 8448K, reserved 1048576K
}

Dll operation events (12 events):
Event: 0.193 Loaded shared library c:\Users\gabod\.trae\extensions\redhat.java-1.50.0-win32-x64\jre\21.0.9-win32-x86_64\bin\java.dll
Event: 0.490 Loaded shared library c:\Users\gabod\.trae\extensions\redhat.java-1.50.0-win32-x64\jre\21.0.9-win32-x86_64\bin\zip.dll
Event: 0.712 Loaded shared library C:\Users\gabod\.trae\extensions\redhat.java-1.50.0-win32-x64\jre\21.0.9-win32-x86_64\bin\instrument.dll
Event: 0.748 Loaded shared library C:\Users\gabod\.trae\extensions\redhat.java-1.50.0-win32-x64\jre\21.0.9-win32-x86_64\bin\net.dll
Event: 0.759 Loaded shared library C:\Users\gabod\.trae\extensions\redhat.java-1.50.0-win32-x64\jre\21.0.9-win32-x86_64\bin\nio.dll
Event: 0.767 Loaded shared library C:\Users\gabod\.trae\extensions\redhat.java-1.50.0-win32-x64\jre\21.0.9-win32-x86_64\bin\zip.dll
Event: 0.890 Loaded shared library C:\Users\gabod\.trae\extensions\redhat.java-1.50.0-win32-x64\jre\21.0.9-win32-x86_64\bin\jimage.dll
Event: 1.157 Loaded shared library c:\Users\gabod\.trae\extensions\redhat.java-1.50.0-win32-x64\jre\21.0.9-win32-x86_64\bin\verify.dll
Event: 7.093 Loaded shared library C:\Users\gabod\AppData\Roaming\Trae\User\globalStorage\redhat.java\1.50.0\config_win\org.eclipse.equinox.launcher\org.eclipse.equinox.launcher.win32.win32.x86_64_1.2.1400.v20250801-0854\eclipse_11916.dll
Event: 27.151 Loaded shared library C:\Users\gabod\AppData\Local\Temp\jna-98110109\jna17166094982399602362.dll
Event: 35.581 Loaded shared library C:\Users\gabod\.trae\extensions\redhat.java-1.50.0-win32-x64\jre\21.0.9-win32-x86_64\bin\sunmscapi.dll
Event: 38.580 Loaded shared library C:\Users\gabod\.trae\extensions\redhat.java-1.50.0-win32-x64\jre\21.0.9-win32-x86_64\bin\extnet.dll

Deoptimization events (20 events):
Event: 245.976 Thread 0x0000022a10d2fb00 Uncommon trap: trap_request=0xffffffde fr.pc=0x00000229bb46c03c relative=0x0000000000000e7c
Event: 245.976 Thread 0x0000022a10d2fb00 Uncommon trap: reason=class_check action=maybe_recompile pc=0x00000229bb46c03c method=java.util.stream.ReduceOps.makeRef(Ljava/util/stream/Collector;)Ljava/util/stream/TerminalOp; @ 4 c2
Event: 245.976 Thread 0x0000022a10d2fb00 DEOPT PACKING pc=0x00000229bb46c03c sp=0x000000ead60fe790
Event: 245.976 Thread 0x0000022a10d2fb00 DEOPT UNPACKING pc=0x00000229ba856da2 sp=0x000000ead60fe6d0 mode 2
Event: 245.976 Thread 0x0000022a10d2fb00 Uncommon trap: trap_request=0xffffffde fr.pc=0x00000229bb3a3704 relative=0x00000000000003c4
Event: 245.976 Thread 0x0000022a10d2fb00 Uncommon trap: reason=class_check action=maybe_recompile pc=0x00000229bb3a3704 method=java.util.stream.ReduceOps$3.getOpFlags()I @ 4 c2
Event: 245.976 Thread 0x0000022a10d2fb00 DEOPT PACKING pc=0x00000229bb3a3704 sp=0x000000ead60fe700
Event: 245.976 Thread 0x0000022a10d2fb00 DEOPT UNPACKING pc=0x00000229ba856da2 sp=0x000000ead60fe698 mode 2
Event: 245.993 Thread 0x0000022a10d2fb00 Uncommon trap: trap_request=0xffffffde fr.pc=0x00000229bb492480 relative=0x0000000000001b20
Event: 245.993 Thread 0x0000022a10d2fb00 Uncommon trap: reason=class_check action=maybe_recompile pc=0x00000229bb492480 method=com.google.gson.stream.JsonWriter.string(Ljava/lang/String;)V @ 119 c2
Event: 245.993 Thread 0x0000022a10d2fb00 DEOPT PACKING pc=0x00000229bb492480 sp=0x000000ead60fdf40
Event: 245.993 Thread 0x0000022a10d2fb00 DEOPT UNPACKING pc=0x00000229ba856da2 sp=0x000000ead60fdf38 mode 2
Event: 245.993 Thread 0x0000022a10d2fb00 Uncommon trap: trap_request=0xffffffde fr.pc=0x00000229bb492480 relative=0x0000000000001b20
Event: 245.993 Thread 0x0000022a10d2fb00 Uncommon trap: reason=class_check action=maybe_recompile pc=0x00000229bb492480 method=com.google.gson.stream.JsonWriter.string(Ljava/lang/String;)V @ 119 c2
Event: 245.993 Thread 0x0000022a10d2fb00 DEOPT PACKING pc=0x00000229bb492480 sp=0x000000ead60fdec0
Event: 245.993 Thread 0x0000022a10d2fb00 DEOPT UNPACKING pc=0x00000229ba856da2 sp=0x000000ead60fdeb8 mode 2
Event: 245.993 Thread 0x0000022a10d2fb00 Uncommon trap: trap_request=0xffffffde fr.pc=0x00000229bb492480 relative=0x0000000000001b20
Event: 245.993 Thread 0x0000022a10d2fb00 Uncommon trap: reason=class_check action=maybe_recompile pc=0x00000229bb492480 method=com.google.gson.stream.JsonWriter.string(Ljava/lang/String;)V @ 119 c2
Event: 245.993 Thread 0x0000022a10d2fb00 DEOPT PACKING pc=0x00000229bb492480 sp=0x000000ead60fdec0
Event: 245.993 Thread 0x0000022a10d2fb00 DEOPT UNPACKING pc=0x00000229ba856da2 sp=0x000000ead60fdeb8 mode 2

Classes loaded (20 events):
Event: 245.989 Loading class java/util/TaskQueue
Event: 245.990 Loading class java/util/TaskQueue done
Event: 245.990 Loading class java/util/TimerThread
Event: 245.990 Loading class java/util/TimerThread done
Event: 245.991 Loading class java/util/Timer$ThreadReaper
Event: 245.991 Loading class java/util/Timer$ThreadReaper done
Event: 245.997 Loading class java/util/concurrent/CompletableFuture$UniWhenComplete
Event: 245.997 Loading class java/util/concurrent/CompletableFuture$UniWhenComplete done
Event: 245.998 Loading class java/util/concurrent/CompletableFuture$UniCompose
Event: 245.999 Loading class java/util/concurrent/CompletableFuture$UniCompose done
Event: 245.999 Loading class java/util/concurrent/CompletableFuture$UniRelay
Event: 245.999 Loading class java/util/concurrent/CompletableFuture$UniRelay done
Event: 246.709 Loading class java/util/concurrent/ScheduledThreadPoolExecutor$DelayedWorkQueue$Itr
Event: 246.709 Loading class java/util/concurrent/ScheduledThreadPoolExecutor$DelayedWorkQueue$Itr done
Event: 250.162 Loading class java/lang/ProcessHandleImpl$ExitCompletion
Event: 250.165 Loading class java/lang/ProcessHandleImpl$ExitCompletion done
Event: 250.165 Loading class java/lang/ProcessHandleImpl$1
Event: 250.166 Loading class java/lang/ProcessHandleImpl$1 done
Event: 250.177 Loading class java/util/concurrent/CompletableFuture$UniHandle
Event: 250.177 Loading class java/util/concurrent/CompletableFuture$UniHandle done

Classes unloaded (7 events):
Event: 28.690 Thread 0x00000229c6b434b0 Unloading class 0x00000229c81a9400 'java/lang/invoke/LambdaForm$MH+0x00000229c81a9400'
Event: 28.691 Thread 0x00000229c6b434b0 Unloading class 0x00000229c81a9000 'java/lang/invoke/LambdaForm$MH+0x00000229c81a9000'
Event: 28.691 Thread 0x00000229c6b434b0 Unloading class 0x00000229c81a8c00 'java/lang/invoke/LambdaForm$MH+0x00000229c81a8c00'
Event: 28.691 Thread 0x00000229c6b434b0 Unloading class 0x00000229c81a8800 'java/lang/invoke/LambdaForm$MH+0x00000229c81a8800'
Event: 28.691 Thread 0x00000229c6b434b0 Unloading class 0x00000229c81a8400 'java/lang/invoke/LambdaForm$BMH+0x00000229c81a8400'
Event: 28.691 Thread 0x00000229c6b434b0 Unloading class 0x00000229c81a8000 'java/lang/invoke/LambdaForm$DMH+0x00000229c81a8000'
Event: 28.691 Thread 0x00000229c6b434b0 Unloading class 0x00000229c81a6c00 'java/lang/invoke/LambdaForm$DMH+0x00000229c81a6c00'

Classes redefined (0 events):
No events

Internal exceptions (20 events):
Event: 238.816 Thread 0x0000022a0fbf7290 Exception <a 'java/lang/IncompatibleClassChangeError'{0x00000000d568e9d8}: Found class java.lang.Object, but interface was expected> (0x00000000d568e9d8) 
thrown [s\src\hotspot\share\interpreter\linkResolver.cpp, line 840]
Event: 239.192 Thread 0x0000022a0fbfbac0 Exception <a 'java/lang/ArrayIndexOutOfBoundsException'{0x00000000d5800498}: Index 346 out of bounds for length 345> (0x00000000d5800498) 
thrown [s\src\hotspot\share\interpreter\interpreterRuntime.cpp, line 439]
Event: 240.556 Thread 0x0000022a0fbf7290 Exception <a 'java/lang/IncompatibleClassChangeError'{0x00000000d563cd18}: Found class java.lang.Object, but interface was expected> (0x00000000d563cd18) 
thrown [s\src\hotspot\share\interpreter\linkResolver.cpp, line 840]
Event: 244.809 Thread 0x0000022a0fbfbac0 Exception <a 'sun/nio/fs/WindowsException'{0x00000000d55f2238}> (0x00000000d55f2238) 
thrown [s\src\hotspot\share\prims\jni.cpp, line 520]
Event: 244.810 Thread 0x0000022a0fbfbac0 Exception <a 'sun/nio/fs/WindowsException'{0x00000000d55f2ce8}> (0x00000000d55f2ce8) 
thrown [s\src\hotspot\share\prims\jni.cpp, line 520]
Event: 244.811 Thread 0x0000022a0fbfbac0 Exception <a 'sun/nio/fs/WindowsException'{0x00000000d55f3e80}> (0x00000000d55f3e80) 
thrown [s\src\hotspot\share\prims\jni.cpp, line 520]
Event: 244.811 Thread 0x0000022a0fbfbac0 Exception <a 'sun/nio/fs/WindowsException'{0x00000000d55f4930}> (0x00000000d55f4930) 
thrown [s\src\hotspot\share\prims\jni.cpp, line 520]
Event: 244.816 Thread 0x0000022a0fbfbac0 Exception <a 'sun/nio/fs/WindowsException'{0x00000000d55f67d8}> (0x00000000d55f67d8) 
thrown [s\src\hotspot\share\prims\jni.cpp, line 520]
Event: 244.818 Thread 0x0000022a0fbfbac0 Exception <a 'sun/nio/fs/WindowsException'{0x00000000d55f6fd8}> (0x00000000d55f6fd8) 
thrown [s\src\hotspot\share\prims\jni.cpp, line 520]
Event: 244.908 Thread 0x0000022a0fbfbac0 Exception <a 'sun/nio/fs/WindowsException'{0x00000000d5625ab0}> (0x00000000d5625ab0) 
thrown [s\src\hotspot\share\prims\jni.cpp, line 520]
Event: 244.908 Thread 0x0000022a0fbfbac0 Exception <a 'sun/nio/fs/WindowsException'{0x00000000d5626560}> (0x00000000d5626560) 
thrown [s\src\hotspot\share\prims\jni.cpp, line 520]
Event: 245.520 Thread 0x0000022a10d31bd0 Exception <a 'java/io/FileNotFoundException'{0x00000000d559a730}> (0x00000000d559a730) 
thrown [s\src\hotspot\share\prims\jni.cpp, line 520]
Event: 245.807 Thread 0x0000022a10d31bd0 Exception <a 'java/lang/NoSuchMethodError'{0x00000000d55beaa0}: 'java.lang.Object java.lang.invoke.DirectMethodHandle$Holder.invokeVirtual(java.lang.Object, java.lang.Object, java.lang.Object, java.lang.Object)'> (0x00000000d55beaa0) 
thrown [s\src\hotspot\share\interpreter\linkResolver.cpp, line 773]
Event: 245.879 Thread 0x0000022a10d2fb00 Exception <a 'java/lang/NoSuchMethodError'{0x00000000d55efbb0}: 'java.lang.Object java.lang.invoke.DirectMethodHandle$Holder.invokeStatic(java.lang.Object, long, java.lang.Object, java.lang.Object)'> (0x00000000d55efbb0) 
thrown [s\src\hotspot\share\interpreter\linkResolver.cpp, line 773]
Event: 245.942 Thread 0x0000022a10d2fb00 Exception <a 'sun/nio/fs/WindowsException'{0x00000000d559a5c0}> (0x00000000d559a5c0) 
thrown [s\src\hotspot\share\prims\jni.cpp, line 520]
Event: 245.943 Thread 0x0000022a10d2fb00 Exception <a 'sun/nio/fs/WindowsException'{0x00000000d559b808}> (0x00000000d559b808) 
thrown [s\src\hotspot\share\prims\jni.cpp, line 520]
Event: 245.994 Thread 0x0000022a10d2fb00 Exception <a 'java/lang/NoSuchMethodError'{0x00000000d565b650}: 'void java.lang.invoke.DirectMethodHandle$Holder.invokeStatic(java.lang.Object, java.lang.Object, java.lang.Object, java.lang.Object, java.lang.Object, java.lang.Object, java.lang.Object)'> (0x00000000d565b650) 
thrown [s\src\hotspot\share\interpreter\linkResolver.cpp, line 773]
Event: 247.162 Thread 0x0000022a10d30190 Exception <a 'java/lang/NoSuchMethodError'{0x00000000d5597c20}: 'long java.lang.invoke.DelegatingMethodHandle$Holder.reinvoke_L(java.lang.Object, java.lang.Object)'> (0x00000000d5597c20) 
thrown [s\src\hotspot\share\interpreter\linkResolver.cpp, line 773]
Event: 247.164 Thread 0x0000022a10d30190 Exception <a 'java/lang/NoSuchMethodError'{0x00000000d55a2248}: 'void java.lang.invoke.DelegatingMethodHandle$Holder.reinvoke_L(java.lang.Object, java.lang.Object, long)'> (0x00000000d55a2248) 
thrown [s\src\hotspot\share\interpreter\linkResolver.cpp, line 773]
Event: 250.178 Thread 0x0000022a10d30190 Exception <a 'java/lang/NoSuchMethodError'{0x00000000d5605e18}: 'long java.lang.invoke.Invokers$Holder.invokeExact_MT(java.lang.Object, java.lang.Object, java.lang.Object)'> (0x00000000d5605e18) 
thrown [s\src\hotspot\share\interpreter\linkResolver.cpp, line 773]

ZGC Phase Switch (0 events):
No events

VM Operations (20 events):
Event: 248.545 Executing VM operation: ParallelGCFailedAllocation (Allocation Failure)
Event: 248.549 Executing VM operation: ParallelGCFailedAllocation (Allocation Failure) done
Event: 250.563 Executing VM operation: Cleanup
Event: 250.563 Executing VM operation: Cleanup done
Event: 253.601 Executing VM operation: Cleanup
Event: 253.601 Executing VM operation: Cleanup done
Event: 255.611 Executing VM operation: Cleanup
Event: 255.611 Executing VM operation: Cleanup done
Event: 265.708 Executing VM operation: Cleanup
Event: 265.708 Executing VM operation: Cleanup done
Event: 272.780 Executing VM operation: Cleanup
Event: 272.780 Executing VM operation: Cleanup done
Event: 284.857 Executing VM operation: Cleanup
Event: 284.857 Executing VM operation: Cleanup done
Event: 301.116 Executing VM operation: HandshakeAllThreads (HandshakeForDeflation)
Event: 301.116 Executing VM operation: HandshakeAllThreads (HandshakeForDeflation) done
Event: 301.116 Executing VM operation: RendezvousGCThreads
Event: 301.116 Executing VM operation: RendezvousGCThreads done
Event: 328.247 Executing VM operation: Cleanup
Event: 328.248 Executing VM operation: Cleanup done

Memory protections (0 events):
No events

Nmethod flushes (20 events):
Event: 47.296 Thread 0x00000229c6b434b0 flushing  nmethod 0x00000229b3aa1190
Event: 47.296 Thread 0x00000229c6b434b0 flushing  nmethod 0x00000229b3aa3810
Event: 47.296 Thread 0x00000229c6b434b0 flushing  nmethod 0x00000229b3acba90
Event: 47.296 Thread 0x00000229c6b434b0 flushing  nmethod 0x00000229b3ad8410
Event: 47.296 Thread 0x00000229c6b434b0 flushing osr nmethod 0x00000229b3b27710
Event: 47.296 Thread 0x00000229c6b434b0 flushing  nmethod 0x00000229b3b3e590
Event: 47.296 Thread 0x00000229c6b434b0 flushing  nmethod 0x00000229b3b56910
Event: 47.296 Thread 0x00000229c6b434b0 flushing  nmethod 0x00000229b3b6d190
Event: 47.296 Thread 0x00000229c6b434b0 flushing  nmethod 0x00000229b3b6e210
Event: 47.296 Thread 0x00000229c6b434b0 flushing  nmethod 0x00000229b3b7e210
Event: 47.296 Thread 0x00000229c6b434b0 flushing  nmethod 0x00000229b3b9a710
Event: 47.296 Thread 0x00000229c6b434b0 flushing  nmethod 0x00000229b3b9ae10
Event: 47.296 Thread 0x00000229c6b434b0 flushing  nmethod 0x00000229b3b9bb90
Event: 47.296 Thread 0x00000229c6b434b0 flushing  nmethod 0x00000229b3b9c010
Event: 47.296 Thread 0x00000229c6b434b0 flushing  nmethod 0x00000229b3b9df10
Event: 47.296 Thread 0x00000229c6b434b0 flushing  nmethod 0x00000229b3ba8910
Event: 47.296 Thread 0x00000229c6b434b0 flushing  nmethod 0x00000229b3bacb10
Event: 47.296 Thread 0x00000229c6b434b0 flushing  nmethod 0x00000229b3bd7a10
Event: 47.296 Thread 0x00000229c6b434b0 flushing  nmethod 0x00000229b3be9010
Event: 47.296 Thread 0x00000229c6b434b0 flushing  nmethod 0x00000229b3bf1110

Events (20 events):
Event: 130.173 Thread 0x0000022a0ee19270 Thread exited: 0x0000022a0ee19270
Event: 130.239 Thread 0x0000022a0fbfada0 Thread exited: 0x0000022a0fbfada0
Event: 190.252 Thread 0x0000022a0fbf7fb0 Thread exited: 0x0000022a0fbf7fb0
Event: 240.820 Thread 0x0000022a09475b10 Thread added: 0x0000022a0eb92270
Event: 241.265 Thread 0x0000022a0eb92270 Thread exited: 0x0000022a0eb92270
Event: 241.552 Thread 0x0000022a09475b10 Thread added: 0x0000022a0eb914d0
Event: 243.160 Thread 0x0000022a0eb914d0 Thread exited: 0x0000022a0eb914d0
Event: 245.410 Thread 0x0000022a0fbfbac0 Thread added: 0x0000022a10d328f0
Event: 245.421 Thread 0x0000022a10d328f0 Thread added: 0x0000022a10d31bd0
Event: 245.699 Thread 0x0000022a10d31bd0 Thread added: 0x0000022a10d2f470
Event: 245.710 Thread 0x0000022a10d31bd0 Thread added: 0x0000022a10d32f80
Event: 245.871 Thread 0x0000022a10d31bd0 Thread added: 0x0000022a10d2fb00
Event: 245.919 Thread 0x0000022a09475b10 Thread added: 0x0000022a0eb90e00
Event: 245.991 Thread 0x0000022a10d2fb00 Thread added: 0x0000022a10d33610
Event: 247.154 Thread 0x0000022a10d31bd0 Thread added: 0x0000022a10d30190
Event: 247.155 Thread 0x0000022a10d33610 Thread exited: 0x0000022a10d33610
Event: 247.163 Thread 0x0000022a0eb90e00 Thread exited: 0x0000022a0eb90e00
Event: 250.169 Thread 0x0000022a10d30190 Thread added: 0x0000022a10d33610
Event: 250.233 Thread 0x0000022a10d30190 Thread exited: 0x0000022a10d30190
Event: 325.044 Thread 0x0000022a0fbfbac0 Thread exited: 0x0000022a0fbfbac0


Dynamic libraries:
0x00007ff6cf950000 - 0x00007ff6cf95e000 	c:\Users\gabod\.trae\extensions\redhat.java-1.50.0-win32-x64\jre\21.0.9-win32-x86_64\bin\java.exe
0x00007ff863cc0000 - 0x00007ff863f27000 	C:\WINDOWS\SYSTEM32\ntdll.dll
0x00007ff8621b0000 - 0x00007ff862279000 	C:\WINDOWS\System32\KERNEL32.DLL
0x00007ff8614c0000 - 0x00007ff8618af000 	C:\WINDOWS\System32\KERNELBASE.dll
0x00007ff860e10000 - 0x00007ff860f5b000 	C:\WINDOWS\System32\ucrtbase.dll
0x00007ff806ba0000 - 0x00007ff806bb8000 	c:\Users\gabod\.trae\extensions\redhat.java-1.50.0-win32-x64\jre\21.0.9-win32-x86_64\bin\jli.dll
0x00007ff861fe0000 - 0x00007ff8621a5000 	C:\WINDOWS\System32\USER32.dll
0x00007ff8618c0000 - 0x00007ff8618e7000 	C:\WINDOWS\System32\win32u.dll
0x00007ff862420000 - 0x00007ff86244b000 	C:\WINDOWS\System32\GDI32.dll
0x00007ff861210000 - 0x00007ff86133c000 	C:\WINDOWS\System32\gdi32full.dll
0x00007ff860f60000 - 0x00007ff861003000 	C:\WINDOWS\System32\msvcp_win.dll
0x00007fffe1740000 - 0x00007fffe175e000 	c:\Users\gabod\.trae\extensions\redhat.java-1.50.0-win32-x64\jre\21.0.9-win32-x86_64\bin\VCRUNTIME140.dll
0x00007ff838e40000 - 0x00007ff8390d3000 	C:\WINDOWS\WinSxS\amd64_microsoft.windows.common-controls_6595b64144ccf1df_6.0.26100.7309_none_3e05feeae336a044\COMCTL32.dll
0x00007ff862450000 - 0x00007ff8624f9000 	C:\WINDOWS\System32\msvcrt.dll
0x00007ff863c40000 - 0x00007ff863c71000 	C:\WINDOWS\System32\IMM32.DLL
0x00007ff80d820000 - 0x00007ff80d82c000 	c:\Users\gabod\.trae\extensions\redhat.java-1.50.0-win32-x64\jre\21.0.9-win32-x86_64\bin\vcruntime140_1.dll
0x00007fff95c90000 - 0x00007fff95d1d000 	c:\Users\gabod\.trae\extensions\redhat.java-1.50.0-win32-x64\jre\21.0.9-win32-x86_64\bin\msvcp140.dll
0x00007fff75760000 - 0x00007fff76500000 	c:\Users\gabod\.trae\extensions\redhat.java-1.50.0-win32-x64\jre\21.0.9-win32-x86_64\bin\server\jvm.dll
0x00007ff863840000 - 0x00007ff8638f4000 	C:\WINDOWS\System32\ADVAPI32.dll
0x00007ff8626b0000 - 0x00007ff862756000 	C:\WINDOWS\System32\sechost.dll
0x00007ff862590000 - 0x00007ff8626a8000 	C:\WINDOWS\System32\RPCRT4.dll
0x00007ff862280000 - 0x00007ff8622f4000 	C:\WINDOWS\System32\WS2_32.dll
0x00007ff860c70000 - 0x00007ff860cce000 	C:\WINDOWS\SYSTEM32\POWRPROF.dll
0x00007ff8565f0000 - 0x00007ff856625000 	C:\WINDOWS\SYSTEM32\WINMM.dll
0x00007ff84fb90000 - 0x00007ff84fb9b000 	C:\WINDOWS\SYSTEM32\VERSION.dll
0x00007ff860c50000 - 0x00007ff860c64000 	C:\WINDOWS\SYSTEM32\UMPDC.dll
0x00007ff85fbc0000 - 0x00007ff85fbdb000 	C:\WINDOWS\SYSTEM32\kernel.appcore.dll
0x00007ff805470000 - 0x00007ff80547a000 	c:\Users\gabod\.trae\extensions\redhat.java-1.50.0-win32-x64\jre\21.0.9-win32-x86_64\bin\jimage.dll
0x00007ff85e440000 - 0x00007ff85e682000 	C:\WINDOWS\SYSTEM32\DBGHELP.DLL
0x00007ff862fc0000 - 0x00007ff863346000 	C:\WINDOWS\System32\combase.dll
0x00007ff862760000 - 0x00007ff862836000 	C:\WINDOWS\System32\OLEAUT32.dll
0x00007ff83c900000 - 0x00007ff83c93c000 	C:\WINDOWS\SYSTEM32\dbgcore.DLL
0x00007ff861010000 - 0x00007ff8610b5000 	C:\WINDOWS\System32\bcryptPrimitives.dll
0x00007fffe6530000 - 0x00007fffe653f000 	c:\Users\gabod\.trae\extensions\redhat.java-1.50.0-win32-x64\jre\21.0.9-win32-x86_64\bin\instrument.dll
0x00007fffc6c30000 - 0x00007fffc6c50000 	c:\Users\gabod\.trae\extensions\redhat.java-1.50.0-win32-x64\jre\21.0.9-win32-x86_64\bin\java.dll
0x00007ff862840000 - 0x00007ff862f93000 	C:\WINDOWS\System32\SHELL32.dll
0x00007ff8618f0000 - 0x00007ff861a5a000 	C:\WINDOWS\System32\wintypes.dll
0x00007ff85e9e0000 - 0x00007ff85f23e000 	C:\WINDOWS\SYSTEM32\windows.storage.dll
0x00007ff8639d0000 - 0x00007ff863ac4000 	C:\WINDOWS\System32\SHCORE.dll
0x00007ff8637d0000 - 0x00007ff863836000 	C:\WINDOWS\System32\shlwapi.dll
0x00007ff860d30000 - 0x00007ff860d59000 	C:\WINDOWS\SYSTEM32\profapi.dll
0x00007fffaf6c0000 - 0x00007fffaf6d8000 	c:\Users\gabod\.trae\extensions\redhat.java-1.50.0-win32-x64\jre\21.0.9-win32-x86_64\bin\zip.dll
0x00007fffe5420000 - 0x00007fffe5430000 	C:\Users\gabod\.trae\extensions\redhat.java-1.50.0-win32-x64\jre\21.0.9-win32-x86_64\bin\net.dll
0x00007ff850010000 - 0x00007ff850138000 	C:\WINDOWS\SYSTEM32\WINHTTP.dll
0x00007ff860130000 - 0x00007ff86019b000 	C:\WINDOWS\system32\mswsock.dll
0x00007fffaf6a0000 - 0x00007fffaf6b6000 	C:\Users\gabod\.trae\extensions\redhat.java-1.50.0-win32-x64\jre\21.0.9-win32-x86_64\bin\nio.dll
0x00007ff8502b0000 - 0x00007ff8502c0000 	c:\Users\gabod\.trae\extensions\redhat.java-1.50.0-win32-x64\jre\21.0.9-win32-x86_64\bin\verify.dll
0x00007ff8136d0000 - 0x00007ff813714000 	C:\Users\gabod\AppData\Roaming\Trae\User\globalStorage\redhat.java\1.50.0\config_win\org.eclipse.equinox.launcher\org.eclipse.equinox.launcher.win32.win32.x86_64_1.2.1400.v20250801-0854\eclipse_11916.dll
0x00007ff863350000 - 0x00007ff8634e7000 	C:\WINDOWS\System32\ole32.dll
0x00007ff8603f0000 - 0x00007ff86040b000 	C:\WINDOWS\SYSTEM32\CRYPTSP.dll
0x00007ff85fb00000 - 0x00007ff85fb3a000 	C:\WINDOWS\system32\rsaenh.dll
0x00007ff8601e0000 - 0x00007ff86020b000 	C:\WINDOWS\SYSTEM32\USERENV.dll
0x00007ff860d00000 - 0x00007ff860d2a000 	C:\WINDOWS\SYSTEM32\bcrypt.dll
0x00007ff860410000 - 0x00007ff86041c000 	C:\WINDOWS\SYSTEM32\CRYPTBASE.dll
0x00007ff85f5d0000 - 0x00007ff85f604000 	C:\WINDOWS\SYSTEM32\IPHLPAPI.DLL
0x00007ff8639c0000 - 0x00007ff8639ca000 	C:\WINDOWS\System32\NSI.dll
0x00007fffe53d0000 - 0x00007fffe5419000 	C:\Users\gabod\AppData\Local\Temp\jna-98110109\jna17166094982399602362.dll
0x00007ff862500000 - 0x00007ff862508000 	C:\WINDOWS\System32\PSAPI.DLL
0x00007ff858790000 - 0x00007ff8587ae000 	C:\WINDOWS\SYSTEM32\dhcpcsvc6.DLL
0x00007ff858720000 - 0x00007ff858743000 	C:\WINDOWS\SYSTEM32\dhcpcsvc.DLL
0x00007ff850280000 - 0x00007ff85028e000 	C:\Users\gabod\.trae\extensions\redhat.java-1.50.0-win32-x64\jre\21.0.9-win32-x86_64\bin\sunmscapi.dll
0x00007ff861340000 - 0x00007ff8614b7000 	C:\WINDOWS\System32\CRYPT32.dll
0x00007ff860610000 - 0x00007ff860640000 	C:\WINDOWS\SYSTEM32\ncrypt.dll
0x00007ff8605c0000 - 0x00007ff8605ff000 	C:\WINDOWS\SYSTEM32\NTASN1.dll
0x00007ff85f670000 - 0x00007ff85f79c000 	C:\WINDOWS\SYSTEM32\DNSAPI.dll
0x00007ff84fb80000 - 0x00007ff84fb8b000 	C:\Windows\System32\rasadhlp.dll
0x00007ff858ac0000 - 0x00007ff858b46000 	C:\WINDOWS\System32\fwpuclnt.dll
0x00007ff850210000 - 0x00007ff850219000 	C:\Users\gabod\.trae\extensions\redhat.java-1.50.0-win32-x64\jre\21.0.9-win32-x86_64\bin\extnet.dll

JVMTI agents:
c:\Users\gabod\.trae\extensions\redhat.java-1.50.0-win32-x64\lombok\lombok-1.18.39-4050.jar path:c:\Users\gabod\.trae\extensions\redhat.java-1.50.0-win32-x64\jre\21.0.9-win32-x86_64\bin\instrument.dll, loaded, initialized, instrumentlib options:none

dbghelp: loaded successfully - version: 4.0.5 - missing functions: none
symbol engine: initialized successfully - sym options: 0x614 - pdb path: .;c:\Users\gabod\.trae\extensions\redhat.java-1.50.0-win32-x64\jre\21.0.9-win32-x86_64\bin;C:\WINDOWS\SYSTEM32;C:\WINDOWS\WinSxS\amd64_microsoft.windows.common-controls_6595b64144ccf1df_6.0.26100.7309_none_3e05feeae336a044;c:\Users\gabod\.trae\extensions\redhat.java-1.50.0-win32-x64\jre\21.0.9-win32-x86_64\bin\server;C:\Users\gabod\AppData\Roaming\Trae\User\globalStorage\redhat.java\1.50.0\config_win\org.eclipse.equinox.launcher\org.eclipse.equinox.launcher.win32.win32.x86_64_1.2.1400.v20250801-0854;C:\Users\gabod\AppData\Local\Temp\jna-98110109

VM Arguments:
jvm_args: --add-modules=ALL-SYSTEM --add-opens=java.base/java.util=ALL-UNNAMED --add-opens=java.base/java.lang=ALL-UNNAMED --add-opens=java.base/sun.nio.fs=ALL-UNNAMED -Declipse.application=org.eclipse.jdt.ls.core.id1 -Dosgi.bundles.defaultStartLevel=4 -Declipse.product=org.eclipse.jdt.ls.core.product -Djava.import.generatesMetadataFilesAtProjectRoot=false -DDetectVMInstallationsJob.disabled=true -Dfile.encoding=utf8 -XX:+UseParallelGC -XX:GCTimeRatio=4 -XX:AdaptiveSizePolicyWeight=90 -Dsun.zip.disableMemoryMapping=true -Xmx2G -Xms100m -Xlog:disable -javaagent:c:\Users\gabod\.trae\extensions\redhat.java-1.50.0-win32-x64\lombok\lombok-1.18.39-4050.jar -XX:+HeapDumpOnOutOfMemoryError -XX:HeapDumpPath=c:\Users\gabod\AppData\Roaming\Trae\User\workspaceStorage\175c3ae4dd1f0adf56658d41bcf94ea8\redhat.java -Daether.dependencyCollector.impl=bf 
java_command: c:\Users\gabod\.trae\extensions\redhat.java-1.50.0-win32-x64\server\plugins\org.eclipse.equinox.launcher_1.7.100.v20251111-0406.jar -configuration c:\Users\gabod\AppData\Roaming\Trae\User\globalStorage\redhat.java\1.50.0\config_win -data c:\Users\gabod\AppData\Roaming\Trae\User\workspaceStorage\175c3ae4dd1f0adf56658d41bcf94ea8\redhat.java\jdt_ws --pipe=\\.\pipe\lsp-fde5808903832a807200e4ec2244e4d1-sock
java_class_path (initial): c:\Users\gabod\.trae\extensions\redhat.java-1.50.0-win32-x64\server\plugins\org.eclipse.equinox.launcher_1.7.100.v20251111-0406.jar
Launcher Type: SUN_STANDARD

[Global flags]
    uintx AdaptiveSizePolicyWeight                 = 90                                        {product} {command line}
     intx CICompilerCount                          = 4                                         {product} {ergonomic}
    uintx GCTimeRatio                              = 4                                         {product} {command line}
     bool HeapDumpOnOutOfMemoryError               = true                                   {manageable} {command line}
    ccstr HeapDumpPath                             = c:\Users\gabod\AppData\Roaming\Trae\User\workspaceStorage\175c3ae4dd1f0adf56658d41bcf94ea8\redhat.java         {manageable} {command line}
   size_t InitialHeapSize                          = 104857600                                 {product} {command line}
   size_t MaxHeapSize                              = 2147483648                                {product} {command line}
   size_t MaxNewSize                               = 715653120                                 {product} {ergonomic}
   size_t MinHeapDeltaBytes                        = 524288                                    {product} {ergonomic}
   size_t MinHeapSize                              = 104857600                                 {product} {command line}
   size_t NewSize                                  = 34603008                                  {product} {ergonomic}
    uintx NonNMethodCodeHeapSize                   = 5839372                                {pd product} {ergonomic}
    uintx NonProfiledCodeHeapSize                  = 122909434                              {pd product} {ergonomic}
   size_t OldSize                                  = 70254592                                  {product} {ergonomic}
    uintx ProfiledCodeHeapSize                     = 122909434                              {pd product} {ergonomic}
    uintx ReservedCodeCacheSize                    = 251658240                              {pd product} {ergonomic}
     bool SegmentedCodeCache                       = true                                      {product} {ergonomic}
   size_t SoftMaxHeapSize                          = 2147483648                             {manageable} {ergonomic}
     bool UseCompressedOops                        = true                           {product lp64_product} {ergonomic}
     bool UseLargePagesIndividualAllocation        = false                                  {pd product} {ergonomic}
     bool UseParallelGC                            = true                                      {product} {command line}

Logging:
Log output configuration:
 #0: stdout all=off uptime,level,tags foldmultilines=false
 #1: stderr all=off uptime,level,tags foldmultilines=false

Release file:
JAVA_VERSION="21.0.9" 
MODULES="java.base java.compiler java.datatransfer java.xml java.prefs java.desktop java.instrument java.logging java.management java.security.sasl java.naming java.rmi java.management.rmi java.net.http java.scripting java.security.jgss java.transaction.xa java.sql java.sql.rowset java.xml.crypto java.se java.smartcardio jdk.accessibility jdk.internal.jvmstat jdk.attach jdk.charsets jdk.internal.opt jdk.zipfs jdk.compiler jdk.crypto.ec jdk.crypto.cryptoki jdk.crypto.mscapi jdk.dynalink jdk.internal.ed jdk.editpad jdk.hotspot.agent jdk.httpserver jdk.internal.le jdk.internal.vm.ci jdk.internal.vm.compiler jdk.internal.vm.compiler.management jdk.jartool jdk.javadoc jdk.jcmd jdk.management jdk.management.agent jdk.jconsole jdk.jdeps jdk.jdwp.agent jdk.jdi jdk.jfr jdk.jshell jdk.jsobject jdk.jstatd jdk.localedata jdk.management.jfr jdk.naming.dns jdk.naming.rmi jdk.net jdk.nio.mapmode jdk.random jdk.sctp jdk.security.auth jdk.security.jgss jdk.unsupported jdk.unsupported.desktop jdk.xml.dom" 

Environment Variables:
JAVA_HOME=C:\Program Files\Java\jdk-22
PATH=C:\Users\gabod\.trae\tools\gradle\latest\bin;C:\Program Files\Java\jdk-22\bin;C:\Users\gabod\.trae\tools\maven\latest\bin;C:\app\gabod\product\21c\dbhomeXE\bin;C:\Program Files\Common Files\Oracle\Java\javapath;C:\WINDOWS\system32;C:\WINDOWS;C:\WINDOWS\System32\Wbem;C:\WINDOWS\System32\WindowsPowerShell\v1.0\;C:\WINDOWS\System32\OpenSSH\;C:\Program Files\Git\cmd;C:\Program Files\dotnet\;C:\Program Files\nodejs\;C:\Program Files\MongoDB\Server\8.2\bin;C:\Program Files\MongoDB\Tools\100\bin;C:\Users\gabod\AppData\Local\Programs\Eclipse Adoptium\jdk-17.0.14.7-hotspot\bin;C:\Users\gabod\AppData\Local\Programs\Python\Python312\Scripts\;C:\Users\gabod\AppData\Local\Programs\Python\Python312\;C:\Users\gabod\AppData\Local\Programs\Python\Launcher\;C:\Users\gabod\AppData\Local\Microsoft\WindowsApps;C:\Users\gabod\AppData\Local\Programs\Microsoft VS Code\bin;C:\Program Files\JetBrains\IntelliJ IDEA 2025.2\bin;C:\Users\gabod\AppData\Roaming\npm;C:\Users\gabod\AppData\Local\Programs\mongosh\;c:\Users\gabod\AppData\Local\Programs\Trae\resources\app\bin\lib
USERNAME=gabod
OS=Windows_NT
PROCESSOR_IDENTIFIER=Intel64 Family 6 Model 140 Stepping 1, GenuineIntel
TMP=C:\Users\gabod\AppData\Local\Temp
TEMP=C:\Users\gabod\AppData\Local\Temp




Periodic native trim disabled

---------------  S Y S T E M  ---------------

OS:
 Windows 11 , 64 bit Build 26100 (10.0.26100.7309)
OS uptime: 0 days 21:40 hours
Hyper-V role detected

CPU: total 8 (initial active 8) (4 cores per cpu, 2 threads per core) family 6 model 140 stepping 1 microcode 0xb8, cx8, cmov, fxsr, ht, mmx, 3dnowpref, sse, sse2, sse3, ssse3, sse4.1, sse4.2, popcnt, lzcnt, tsc, tscinvbit, avx, avx2, aes, erms, clmul, bmi1, bmi2, adx, avx512f, avx512dq, avx512cd, avx512bw, avx512vl, sha, fma, vzeroupper, avx512_vpopcntdq, avx512_vpclmulqdq, avx512_vaes, avx512_vnni, clflush, clflushopt, clwb, avx512_vbmi2, avx512_vbmi, hv, rdtscp, rdpid, fsrm, gfni, avx512_bitalg, f16c, cet_ibt, cet_ss, avx512_ifma
Processor Information for processor 0
  Max Mhz: 2419, Current Mhz: 2419, Mhz Limit: 2419
Processor Information for processor 1
  Max Mhz: 2419, Current Mhz: 1007, Mhz Limit: 2419
Processor Information for processor 2
  Max Mhz: 2419, Current Mhz: 1007, Mhz Limit: 2419
Processor Information for processor 3
  Max Mhz: 2419, Current Mhz: 1007, Mhz Limit: 2419
Processor Information for processor 4
  Max Mhz: 2419, Current Mhz: 2419, Mhz Limit: 2419
Processor Information for processor 5
  Max Mhz: 2419, Current Mhz: 2419, Mhz Limit: 2419
Processor Information for processor 6
  Max Mhz: 2419, Current Mhz: 1007, Mhz Limit: 2419
Processor Information for processor 7
  Max Mhz: 2419, Current Mhz: 1007, Mhz Limit: 2419

Memory: 4k page, system-wide physical 7859M (540M free)
TotalPageFile size 22813M (AvailPageFile size 110M)
current process WorkingSet (physical memory assigned to process): 21M, peak: 374M
current process commit charge ("private bytes"): 481M, peak: 518M

vm_info: OpenJDK 64-Bit Server VM (21.0.9+10-LTS) for windows-amd64 JRE (21.0.9+10-LTS), built on 2025-10-21T00:00:00Z by "admin" with unknown MS VC++:1942

END.
